<?xml version="1.0" encoding="UTF-8"?>
<!-- Generated by org.testng.reporters.JUnitReportReporter -->
<testsuite hostname="Chandani" name="testcases.LoginScenario" tests="1" failures="0" timestamp="20 Jul 2019 19:02:44 GMT" time="18.062" errors="0">
  <testcase name="loginSucess" time="18.062" classname="testcases.LoginScenario"/>
</testsuite> <!-- testcases.LoginScenario -->
