<?xml version="1.0" encoding="UTF-8"?>
<!-- Generated by org.testng.reporters.JUnitReportReporter -->
<testsuite hostname="Chandani" name="unitTest.UnitTest1" tests="1" failures="0" timestamp="13 Jul 2019 03:53:33 GMT" time="0.000" errors="0">
  <testcase name="test1" time="0.000" classname="unitTest.UnitTest1"/>
</testsuite> <!-- unitTest.UnitTest1 -->
