<?xml version="1.0" encoding="UTF-8"?>
<!-- Generated by org.testng.reporters.JUnitReportReporter -->
<testsuite hostname="Chandani" name="unitTest.FileUnitTest" tests="2" failures="0" timestamp="13 Jul 2019 03:53:33 GMT" time="1.082" errors="0">
  <testcase name="testExcelData" time="1.061" classname="unitTest.FileUnitTest"/>
  <testcase name="testConfigData" time="0.021" classname="unitTest.FileUnitTest"/>
</testsuite> <!-- unitTest.FileUnitTest -->
