<?xml version="1.0" encoding="UTF-8"?>
<!-- Generated by org.testng.reporters.JUnitReportReporter -->
<testsuite hostname="Chandani" name="unitTest.TestBrowsers" tests="3" failures="0" timestamp="13 Jul 2019 03:53:33 GMT" time="19.665" errors="0">
  <testcase name="testChrome" time="6.102" classname="unitTest.TestBrowsers"/>
  <testcase name="testFirefox" time="10.607" classname="unitTest.TestBrowsers"/>
  <testcase name="testIE" time="2.956" classname="unitTest.TestBrowsers"/>
</testsuite> <!-- unitTest.TestBrowsers -->
